=== RUN   TestSimpleDone
--- PASS: TestSimpleDone (0.56s)
=== RUN   TestSimpleWaitDone
--- PASS: TestSimpleWaitDone (3.01s)
=== RUN   TestAddRequests
--- PASS: TestAddRequests (20.25s)
=== RUN   TestSimpleAddRequest
--- PASS: TestSimpleAddRequest (1.01s)
=== RUN   TestSimpleContainsRequest
--- PASS: TestSimpleContainsRequest (6.27s)
=== RUN   TestAddWithContainsRequest
--- PASS: TestAddWithContainsRequest (12.38s)
=== RUN   TestSimpleFeedRequest
--- PASS: TestSimpleFeedRequest (0.27s)
=== RUN   TestSimpleAddAndFeedRequest
--- PASS: TestSimpleAddAndFeedRequest (0.27s)
=== RUN   TestSimpleRemoveRequest
--- PASS: TestSimpleRemoveRequest (6.27s)
=== RUN   TestAllRequestsXtraSmall
--- PASS: TestAllRequestsXtraSmall (0.28s)
=== RUN   TestAllRequestsSmall
--- PASS: TestAllRequestsSmall (0.25s)
=== RUN   TestAllRequestsMedium
--- PASS: TestAllRequestsMedium (1.08s)
=== RUN   TestAllRequestsLarge
--- PASS: TestAllRequestsLarge (4.60s)
=== RUN   TestAllRequestsXtraLarge
--- PASS: TestAllRequestsXtraLarge (48.13s)
PASS
ok  	proj2/twitter	104.668s
